0 info it worked if it ends with ok
1 verbose cli [ '/usr/local/bin/node', '/usr/local/bin/npm', 'run', 'docs' ]
2 info using npm@3.10.10
3 info using node@v6.9.3
4 verbose run-script [ 'predocs', 'docs', 'postdocs' ]
5 info lifecycle @phosphor/application@1.0.0~predocs: @phosphor/application@1.0.0
6 silly lifecycle @phosphor/application@1.0.0~predocs: no script for predocs, continuing
7 info lifecycle @phosphor/application@1.0.0~docs: @phosphor/application@1.0.0
8 verbose lifecycle @phosphor/application@1.0.0~docs: unsafe-perm in lifecycle true
9 verbose lifecycle @phosphor/application@1.0.0~docs: PATH: /usr/local/lib/node_modules/npm/bin/node-gyp-bin:/Users/ssilvester/workspace/phosphor/packages/application/node_modules/.bin:/usr/texbin:/Users/ssilvester/anaconda/bin:/Users/ssilvester/bin:/usr/texbin:/Users/ssilvester/anaconda/bin:/Users/ssilvester/bin:/Users/ssilvester/anaconda/bin:/usr/texbin:/Users/ssilvester/anaconda/bin:/Users/ssilvester/bin:/usr/local/bin:/usr/bin:/bin:/usr/sbin:/sbin:/opt/X11/bin:/usr/local/go/bin:/Library/TeX/texbin:/Applications/Octave.app/Contents/Resources/usr/bin/:/Applications/Octave.app/Contents/Resources/usr/bin/:/Applications/Octave.app/Contents/Resources/usr/bin/
10 verbose lifecycle @phosphor/application@1.0.0~docs: CWD: /Users/ssilvester/workspace/phosphor/packages/application
11 silly lifecycle @phosphor/application@1.0.0~docs: Args: [ '-c', 'typedoc --options typedoc.json src' ]
12 silly lifecycle @phosphor/application@1.0.0~docs: Returned: code: 4  signal: null
13 info lifecycle @phosphor/application@1.0.0~docs: Failed to exec docs script
14 verbose stack Error: @phosphor/application@1.0.0 docs: `typedoc --options typedoc.json src`
14 verbose stack Exit status 4
14 verbose stack     at EventEmitter.<anonymous> (/usr/local/lib/node_modules/npm/lib/utils/lifecycle.js:255:16)
14 verbose stack     at emitTwo (events.js:106:13)
14 verbose stack     at EventEmitter.emit (events.js:191:7)
14 verbose stack     at ChildProcess.<anonymous> (/usr/local/lib/node_modules/npm/lib/utils/spawn.js:40:14)
14 verbose stack     at emitTwo (events.js:106:13)
14 verbose stack     at ChildProcess.emit (events.js:191:7)
14 verbose stack     at maybeClose (internal/child_process.js:877:16)
14 verbose stack     at Process.ChildProcess._handle.onexit (internal/child_process.js:226:5)
15 verbose pkgid @phosphor/application@1.0.0
16 verbose cwd /Users/ssilvester/workspace/phosphor/packages/application
17 error Darwin 16.4.0
18 error argv "/usr/local/bin/node" "/usr/local/bin/npm" "run" "docs"
19 error node v6.9.3
20 error npm  v3.10.10
21 error code ELIFECYCLE
22 error @phosphor/application@1.0.0 docs: `typedoc --options typedoc.json src`
22 error Exit status 4
23 error Failed at the @phosphor/application@1.0.0 docs script 'typedoc --options typedoc.json src'.
23 error Make sure you have the latest version of node.js and npm installed.
23 error If you do, this is most likely a problem with the @phosphor/application package,
23 error not with npm itself.
23 error Tell the author that this fails on your system:
23 error     typedoc --options typedoc.json src
23 error You can get information on how to open an issue for this project with:
23 error     npm bugs @phosphor/application
23 error Or if that isn't available, you can get their info via:
23 error     npm owner ls @phosphor/application
23 error There is likely additional logging output above.
24 verbose exit [ 1, true ]
